  aom_subpixel_8t_intrin_avx2.c
  av1_inv_txfm_avx2.c
  av1_quantize_avx2.c
  blend_a64_mask_avx2.c
  cdef_avx2.c
  cdef_block_avx2.c
  cfl_avx2.c
  comb_avg_sad_intrin_avx2.c
  compute_sad_intrin_avx2.c
  convolve_2d_avx2.c
  convolve_avx2.c
  corner_match_avx2.c
  dwt_avx2.c
  encodetxb_avx2.c
  fft_avx2.c
  highbd_convolve_2d_avx2.c
  highbd_convolve_avx2.c
  highbd_fwd_txfm_avx2.c
  highbd_intra_pred_avx2.c
  highbd_inv_txfm_avx2.c
  highbd_jnt_convolve_avx2.c
  highbd_quantize_intrin_avx2.c
  highbd_variance_avx2.c
  highbd_warp_affine_avx2.c
  inter_prediction_com_avx2.c
  intra_pred_intrin_avx2.c
  jnt_convolve_2d_avx2.c
  jnt_convolve_avx2.c
  noise_model_avx2.c
  obmc_sad_avx2.c
  obmc_variance_avx2.c
  palette_avx2.c
  pic_operators_intrin_avx2.c
  pickrst_avx2.c
  resize_avx2.c
  restoration_pick_avx2.c
  selfguided_avx2.c
  sse_avx2.c
  ssim_avx2.c
  temporal_filtering_avx2.c
  transforms_intrin_avx2.c
  variance_avx2.c
  variance_impl_avx2.c
  warp_plane_avx2.c
  wiener_convolve_avx2.c
  ASM_AVX2.vcxproj -> E:\SVT-AV1\AV1-Optimization-2.2.1-vmaf\Build\Source\Lib\ASM_AVX2\ASM_AVX2.dir\Release\ASM_AVX2.lib
